Determining if the pthread_create exist failed with the following output:
Change Dir: /home/shibin1995/Documents/final_ws/build/lidar_transform/CMakeFiles/CMakeTmp

Run Build Command:"/usr/bin/make" "cmTC_c4d42/fast"
/usr/bin/make -f CMakeFiles/cmTC_c4d42.dir/build.make CMakeFiles/cmTC_c4d42.dir/build
make[1]: Entering directory '/home/shibin1995/Documents/final_ws/build/lidar_transform/CMakeFiles/CMakeTmp'
Building C object CMakeFiles/cmTC_c4d42.dir/CheckSymbolExists.c.o
/usr/bin/cc    -o CMakeFiles/cmTC_c4d42.dir/CheckSymbolExists.c.o   -c /home/shibin1995/Documents/final_ws/build/lidar_transform/CMakeFiles/CMakeTmp/CheckSymbolExists.c
Linking C executable cmTC_c4d42
/usr/bin/cmake -E cmake_link_script CMakeFiles/cmTC_c4d42.dir/link.txt --verbose=1
/usr/bin/cc      -rdynamic CMakeFiles/cmTC_c4d42.dir/CheckSymbolExists.c.o  -o cmTC_c4d42 
CMakeFiles/cmTC_c4d42.dir/CheckSymbolExists.c.o: In function `main':
CheckSymbolExists.c:(.text+0x1b): undefined reference to `pthread_create'
collect2: error: ld returned 1 exit status
CMakeFiles/cmTC_c4d42.dir/build.make:97: recipe for target 'cmTC_c4d42' failed
make[1]: *** [cmTC_c4d42] Error 1
make[1]: Leaving directory '/home/shibin1995/Documents/final_ws/build/lidar_transform/CMakeFiles/CMakeTmp'
Makefile:126: recipe for target 'cmTC_c4d42/fast' failed
make: *** [cmTC_c4d42/fast] Error 2

File /home/shibin1995/Documents/final_ws/build/lidar_transform/CMakeFiles/CMakeTmp/CheckSymbolExists.c:
/* */
#include <pthread.h>

int main(int argc, char** argv)
{
  (void)argv;
#ifndef pthread_create
  return ((int*)(&pthread_create))[argc];
#else
  (void)argc;
  return 0;
#endif
}

Determining if the function pthread_create exists in the pthreads failed with the following output:
Change Dir: /home/shibin1995/Documents/final_ws/build/lidar_transform/CMakeFiles/CMakeTmp

Run Build Command:"/usr/bin/make" "cmTC_771ca/fast"
/usr/bin/make -f CMakeFiles/cmTC_771ca.dir/build.make CMakeFiles/cmTC_771ca.dir/build
make[1]: Entering directory '/home/shibin1995/Documents/final_ws/build/lidar_transform/CMakeFiles/CMakeTmp'
Building C object CMakeFiles/cmTC_771ca.dir/CheckFunctionExists.c.o
/usr/bin/cc   -DCHECK_FUNCTION_EXISTS=pthread_create   -o CMakeFiles/cmTC_771ca.dir/CheckFunctionExists.c.o   -c /usr/share/cmake-3.10/Modules/CheckFunctionExists.c
Linking C executable cmTC_771ca
/usr/bin/cmake -E cmake_link_script CMakeFiles/cmTC_771ca.dir/link.txt --verbose=1
/usr/bin/cc  -DCHECK_FUNCTION_EXISTS=pthread_create    -rdynamic CMakeFiles/cmTC_771ca.dir/CheckFunctionExists.c.o  -o cmTC_771ca -lpthreads 
/usr/bin/ld: cannot find -lpthreads
collect2: error: ld returned 1 exit status
CMakeFiles/cmTC_771ca.dir/build.make:97: recipe for target 'cmTC_771ca' failed
make[1]: *** [cmTC_771ca] Error 1
make[1]: Leaving directory '/home/shibin1995/Documents/final_ws/build/lidar_transform/CMakeFiles/CMakeTmp'
Makefile:126: recipe for target 'cmTC_771ca/fast' failed
make: *** [cmTC_771ca/fast] Error 2


