Determining if the pthread_create exist failed with the following output:
Change Dir: /home/shibin1995/Documents/final_ws/build/laserscan_to_pointcloud2_conversion/CMakeFiles/CMakeTmp

Run Build Command:"/usr/bin/make" "cmTC_121f3/fast"
/usr/bin/make -f CMakeFiles/cmTC_121f3.dir/build.make CMakeFiles/cmTC_121f3.dir/build
make[1]: Entering directory '/home/shibin1995/Documents/final_ws/build/laserscan_to_pointcloud2_conversion/CMakeFiles/CMakeTmp'
Building C object CMakeFiles/cmTC_121f3.dir/CheckSymbolExists.c.o
/usr/bin/cc    -o CMakeFiles/cmTC_121f3.dir/CheckSymbolExists.c.o   -c /home/shibin1995/Documents/final_ws/build/laserscan_to_pointcloud2_conversion/CMakeFiles/CMakeTmp/CheckSymbolExists.c
Linking C executable cmTC_121f3
/usr/bin/cmake -E cmake_link_script CMakeFiles/cmTC_121f3.dir/link.txt --verbose=1
/usr/bin/cc      -rdynamic CMakeFiles/cmTC_121f3.dir/CheckSymbolExists.c.o  -o cmTC_121f3 
CMakeFiles/cmTC_121f3.dir/CheckSymbolExists.c.o: In function `main':
CheckSymbolExists.c:(.text+0x1b): undefined reference to `pthread_create'
collect2: error: ld returned 1 exit status
CMakeFiles/cmTC_121f3.dir/build.make:97: recipe for target 'cmTC_121f3' failed
make[1]: *** [cmTC_121f3] Error 1
make[1]: Leaving directory '/home/shibin1995/Documents/final_ws/build/laserscan_to_pointcloud2_conversion/CMakeFiles/CMakeTmp'
Makefile:126: recipe for target 'cmTC_121f3/fast' failed
make: *** [cmTC_121f3/fast] Error 2

File /home/shibin1995/Documents/final_ws/build/laserscan_to_pointcloud2_conversion/CMakeFiles/CMakeTmp/CheckSymbolExists.c:
/* */
#include <pthread.h>

int main(int argc, char** argv)
{
  (void)argv;
#ifndef pthread_create
  return ((int*)(&pthread_create))[argc];
#else
  (void)argc;
  return 0;
#endif
}

Determining if the function pthread_create exists in the pthreads failed with the following output:
Change Dir: /home/shibin1995/Documents/final_ws/build/laserscan_to_pointcloud2_conversion/CMakeFiles/CMakeTmp

Run Build Command:"/usr/bin/make" "cmTC_48787/fast"
/usr/bin/make -f CMakeFiles/cmTC_48787.dir/build.make CMakeFiles/cmTC_48787.dir/build
make[1]: Entering directory '/home/shibin1995/Documents/final_ws/build/laserscan_to_pointcloud2_conversion/CMakeFiles/CMakeTmp'
Building C object CMakeFiles/cmTC_48787.dir/CheckFunctionExists.c.o
/usr/bin/cc   -DCHECK_FUNCTION_EXISTS=pthread_create   -o CMakeFiles/cmTC_48787.dir/CheckFunctionExists.c.o   -c /usr/share/cmake-3.10/Modules/CheckFunctionExists.c
Linking C executable cmTC_48787
/usr/bin/cmake -E cmake_link_script CMakeFiles/cmTC_48787.dir/link.txt --verbose=1
/usr/bin/cc  -DCHECK_FUNCTION_EXISTS=pthread_create    -rdynamic CMakeFiles/cmTC_48787.dir/CheckFunctionExists.c.o  -o cmTC_48787 -lpthreads 
/usr/bin/ld: cannot find -lpthreads
collect2: error: ld returned 1 exit status
CMakeFiles/cmTC_48787.dir/build.make:97: recipe for target 'cmTC_48787' failed
make[1]: *** [cmTC_48787] Error 1
make[1]: Leaving directory '/home/shibin1995/Documents/final_ws/build/laserscan_to_pointcloud2_conversion/CMakeFiles/CMakeTmp'
Makefile:126: recipe for target 'cmTC_48787/fast' failed
make: *** [cmTC_48787/fast] Error 2


