Symlinking /home/shibin1995/Documents/final_ws/devel/share/dynamixel_msgs/cmake/dynamixel_msgsConfig-version.cmake
Symlinking /home/shibin1995/Documents/final_ws/devel/share/dynamixel_msgs/cmake/dynamixel_msgs-msg-paths.cmake
Symlinking /home/shibin1995/Documents/final_ws/devel/share/dynamixel_msgs/cmake/dynamixel_msgsConfig.cmake
Symlinking /home/shibin1995/Documents/final_ws/devel/share/dynamixel_msgs/cmake/dynamixel_msgs-msg-extras.cmake
Symlinking /home/shibin1995/Documents/final_ws/devel/share/roseus/ros/dynamixel_msgs/manifest.l
Symlinking /home/shibin1995/Documents/final_ws/devel/share/roseus/ros/dynamixel_msgs/msg/MotorStateList.l
Symlinking /home/shibin1995/Documents/final_ws/devel/share/roseus/ros/dynamixel_msgs/msg/MotorState.l
Symlinking /home/shibin1995/Documents/final_ws/devel/share/roseus/ros/dynamixel_msgs/msg/JointState.l
Symlinking /home/shibin1995/Documents/final_ws/devel/share/common-lisp/ros/dynamixel_msgs/msg/MotorState.lisp
Symlinking /home/shibin1995/Documents/final_ws/devel/share/common-lisp/ros/dynamixel_msgs/msg/_package_MotorStateList.lisp
Symlinking /home/shibin1995/Documents/final_ws/devel/share/common-lisp/ros/dynamixel_msgs/msg/_package_JointState.lisp
Symlinking /home/shibin1995/Documents/final_ws/devel/share/common-lisp/ros/dynamixel_msgs/msg/JointState.lisp
Symlinking /home/shibin1995/Documents/final_ws/devel/share/common-lisp/ros/dynamixel_msgs/msg/_package_MotorState.lisp
Symlinking /home/shibin1995/Documents/final_ws/devel/share/common-lisp/ros/dynamixel_msgs/msg/MotorStateList.lisp
Symlinking /home/shibin1995/Documents/final_ws/devel/share/common-lisp/ros/dynamixel_msgs/msg/dynamixel_msgs-msg.asd
Symlinking /home/shibin1995/Documents/final_ws/devel/share/common-lisp/ros/dynamixel_msgs/msg/_package.lisp
Symlinking /home/shibin1995/Documents/final_ws/devel/share/gennodejs/ros/dynamixel_msgs/_index.js
Symlinking /home/shibin1995/Documents/final_ws/devel/share/gennodejs/ros/dynamixel_msgs/msg/MotorState.js
Symlinking /home/shibin1995/Documents/final_ws/devel/share/gennodejs/ros/dynamixel_msgs/msg/_index.js
Symlinking /home/shibin1995/Documents/final_ws/devel/share/gennodejs/ros/dynamixel_msgs/msg/JointState.js
Symlinking /home/shibin1995/Documents/final_ws/devel/share/gennodejs/ros/dynamixel_msgs/msg/MotorStateList.js
Symlinking /home/shibin1995/Documents/final_ws/devel/include/dynamixel_msgs/MotorState.h
Symlinking /home/shibin1995/Documents/final_ws/devel/include/dynamixel_msgs/MotorStateList.h
Symlinking /home/shibin1995/Documents/final_ws/devel/include/dynamixel_msgs/JointState.h
Symlinking /home/shibin1995/Documents/final_ws/devel/lib/pkgconfig/dynamixel_msgs.pc
Symlinking /home/shibin1995/Documents/final_ws/devel/lib/python2.7/dist-packages/dynamixel_msgs/__init__.py
Symlinking /home/shibin1995/Documents/final_ws/devel/lib/python2.7/dist-packages/dynamixel_msgs/msg/_MotorStateList.py
Symlinking /home/shibin1995/Documents/final_ws/devel/lib/python2.7/dist-packages/dynamixel_msgs/msg/_MotorState.py
Symlinking /home/shibin1995/Documents/final_ws/devel/lib/python2.7/dist-packages/dynamixel_msgs/msg/__init__.py
Symlinking /home/shibin1995/Documents/final_ws/devel/lib/python2.7/dist-packages/dynamixel_msgs/msg/_JointState.py
