Symlinking /home/shibin1995/Documents/final_ws/devel/share/dynamixel_controllers/cmake/dynamixel_controllers-msg-paths.cmake
Symlinking /home/shibin1995/Documents/final_ws/devel/share/dynamixel_controllers/cmake/dynamixel_controllersConfig-version.cmake
Symlinking /home/shibin1995/Documents/final_ws/devel/share/dynamixel_controllers/cmake/dynamixel_controllers-msg-extras.cmake
Symlinking /home/shibin1995/Documents/final_ws/devel/share/dynamixel_controllers/cmake/dynamixel_controllersConfig.cmake
Symlinking /home/shibin1995/Documents/final_ws/devel/share/roseus/ros/dynamixel_controllers/manifest.l
Symlinking /home/shibin1995/Documents/final_ws/devel/share/roseus/ros/dynamixel_controllers/srv/TorqueEnable.l
Symlinking /home/shibin1995/Documents/final_ws/devel/share/roseus/ros/dynamixel_controllers/srv/SetComplianceSlope.l
Symlinking /home/shibin1995/Documents/final_ws/devel/share/roseus/ros/dynamixel_controllers/srv/StartController.l
Symlinking /home/shibin1995/Documents/final_ws/devel/share/roseus/ros/dynamixel_controllers/srv/StopController.l
Symlinking /home/shibin1995/Documents/final_ws/devel/share/roseus/ros/dynamixel_controllers/srv/SetCompliancePunch.l
Symlinking /home/shibin1995/Documents/final_ws/devel/share/roseus/ros/dynamixel_controllers/srv/SetTorqueLimit.l
Symlinking /home/shibin1995/Documents/final_ws/devel/share/roseus/ros/dynamixel_controllers/srv/SetSpeed.l
Symlinking /home/shibin1995/Documents/final_ws/devel/share/roseus/ros/dynamixel_controllers/srv/SetComplianceMargin.l
Symlinking /home/shibin1995/Documents/final_ws/devel/share/roseus/ros/dynamixel_controllers/srv/RestartController.l
Symlinking /home/shibin1995/Documents/final_ws/devel/share/common-lisp/ros/dynamixel_controllers/srv/_package_SetComplianceMargin.lisp
Symlinking /home/shibin1995/Documents/final_ws/devel/share/common-lisp/ros/dynamixel_controllers/srv/_package_TorqueEnable.lisp
Symlinking /home/shibin1995/Documents/final_ws/devel/share/common-lisp/ros/dynamixel_controllers/srv/SetSpeed.lisp
Symlinking /home/shibin1995/Documents/final_ws/devel/share/common-lisp/ros/dynamixel_controllers/srv/SetCompliancePunch.lisp
Symlinking /home/shibin1995/Documents/final_ws/devel/share/common-lisp/ros/dynamixel_controllers/srv/StartController.lisp
Symlinking /home/shibin1995/Documents/final_ws/devel/share/common-lisp/ros/dynamixel_controllers/srv/TorqueEnable.lisp
Symlinking /home/shibin1995/Documents/final_ws/devel/share/common-lisp/ros/dynamixel_controllers/srv/_package_SetCompliancePunch.lisp
Symlinking /home/shibin1995/Documents/final_ws/devel/share/common-lisp/ros/dynamixel_controllers/srv/_package_RestartController.lisp
Symlinking /home/shibin1995/Documents/final_ws/devel/share/common-lisp/ros/dynamixel_controllers/srv/SetTorqueLimit.lisp
Symlinking /home/shibin1995/Documents/final_ws/devel/share/common-lisp/ros/dynamixel_controllers/srv/_package_SetSpeed.lisp
Symlinking /home/shibin1995/Documents/final_ws/devel/share/common-lisp/ros/dynamixel_controllers/srv/_package_SetComplianceSlope.lisp
Symlinking /home/shibin1995/Documents/final_ws/devel/share/common-lisp/ros/dynamixel_controllers/srv/dynamixel_controllers-srv.asd
Symlinking /home/shibin1995/Documents/final_ws/devel/share/common-lisp/ros/dynamixel_controllers/srv/_package_StartController.lisp
Symlinking /home/shibin1995/Documents/final_ws/devel/share/common-lisp/ros/dynamixel_controllers/srv/_package_StopController.lisp
Symlinking /home/shibin1995/Documents/final_ws/devel/share/common-lisp/ros/dynamixel_controllers/srv/RestartController.lisp
Symlinking /home/shibin1995/Documents/final_ws/devel/share/common-lisp/ros/dynamixel_controllers/srv/SetComplianceSlope.lisp
Symlinking /home/shibin1995/Documents/final_ws/devel/share/common-lisp/ros/dynamixel_controllers/srv/_package.lisp
Symlinking /home/shibin1995/Documents/final_ws/devel/share/common-lisp/ros/dynamixel_controllers/srv/_package_SetTorqueLimit.lisp
Symlinking /home/shibin1995/Documents/final_ws/devel/share/common-lisp/ros/dynamixel_controllers/srv/SetComplianceMargin.lisp
Symlinking /home/shibin1995/Documents/final_ws/devel/share/common-lisp/ros/dynamixel_controllers/srv/StopController.lisp
Symlinking /home/shibin1995/Documents/final_ws/devel/share/gennodejs/ros/dynamixel_controllers/_index.js
Symlinking /home/shibin1995/Documents/final_ws/devel/share/gennodejs/ros/dynamixel_controllers/srv/SetSpeed.js
Symlinking /home/shibin1995/Documents/final_ws/devel/share/gennodejs/ros/dynamixel_controllers/srv/SetCompliancePunch.js
Symlinking /home/shibin1995/Documents/final_ws/devel/share/gennodejs/ros/dynamixel_controllers/srv/TorqueEnable.js
Symlinking /home/shibin1995/Documents/final_ws/devel/share/gennodejs/ros/dynamixel_controllers/srv/RestartController.js
Symlinking /home/shibin1995/Documents/final_ws/devel/share/gennodejs/ros/dynamixel_controllers/srv/SetComplianceMargin.js
Symlinking /home/shibin1995/Documents/final_ws/devel/share/gennodejs/ros/dynamixel_controllers/srv/StartController.js
Symlinking /home/shibin1995/Documents/final_ws/devel/share/gennodejs/ros/dynamixel_controllers/srv/SetTorqueLimit.js
Symlinking /home/shibin1995/Documents/final_ws/devel/share/gennodejs/ros/dynamixel_controllers/srv/_index.js
Symlinking /home/shibin1995/Documents/final_ws/devel/share/gennodejs/ros/dynamixel_controllers/srv/SetComplianceSlope.js
Symlinking /home/shibin1995/Documents/final_ws/devel/share/gennodejs/ros/dynamixel_controllers/srv/StopController.js
Symlinking /home/shibin1995/Documents/final_ws/devel/include/dynamixel_controllers/SetCompliancePunchRequest.h
Symlinking /home/shibin1995/Documents/final_ws/devel/include/dynamixel_controllers/TorqueEnableResponse.h
Symlinking /home/shibin1995/Documents/final_ws/devel/include/dynamixel_controllers/SetComplianceMarginRequest.h
Symlinking /home/shibin1995/Documents/final_ws/devel/include/dynamixel_controllers/StopControllerResponse.h
Symlinking /home/shibin1995/Documents/final_ws/devel/include/dynamixel_controllers/SetComplianceMarginResponse.h
Symlinking /home/shibin1995/Documents/final_ws/devel/include/dynamixel_controllers/StartController.h
Symlinking /home/shibin1995/Documents/final_ws/devel/include/dynamixel_controllers/RestartControllerRequest.h
Symlinking /home/shibin1995/Documents/final_ws/devel/include/dynamixel_controllers/RestartControllerResponse.h
Symlinking /home/shibin1995/Documents/final_ws/devel/include/dynamixel_controllers/RestartController.h
Symlinking /home/shibin1995/Documents/final_ws/devel/include/dynamixel_controllers/SetTorqueLimit.h
Symlinking /home/shibin1995/Documents/final_ws/devel/include/dynamixel_controllers/SetSpeedRequest.h
Symlinking /home/shibin1995/Documents/final_ws/devel/include/dynamixel_controllers/SetCompliancePunchResponse.h
Symlinking /home/shibin1995/Documents/final_ws/devel/include/dynamixel_controllers/SetTorqueLimitRequest.h
Symlinking /home/shibin1995/Documents/final_ws/devel/include/dynamixel_controllers/SetSpeedResponse.h
Symlinking /home/shibin1995/Documents/final_ws/devel/include/dynamixel_controllers/StopController.h
Symlinking /home/shibin1995/Documents/final_ws/devel/include/dynamixel_controllers/SetTorqueLimitResponse.h
Symlinking /home/shibin1995/Documents/final_ws/devel/include/dynamixel_controllers/SetCompliancePunch.h
Symlinking /home/shibin1995/Documents/final_ws/devel/include/dynamixel_controllers/TorqueEnableRequest.h
Symlinking /home/shibin1995/Documents/final_ws/devel/include/dynamixel_controllers/SetSpeed.h
Symlinking /home/shibin1995/Documents/final_ws/devel/include/dynamixel_controllers/SetComplianceMargin.h
Symlinking /home/shibin1995/Documents/final_ws/devel/include/dynamixel_controllers/StopControllerRequest.h
Symlinking /home/shibin1995/Documents/final_ws/devel/include/dynamixel_controllers/TorqueEnable.h
Symlinking /home/shibin1995/Documents/final_ws/devel/include/dynamixel_controllers/StartControllerResponse.h
Symlinking /home/shibin1995/Documents/final_ws/devel/include/dynamixel_controllers/SetComplianceSlope.h
Symlinking /home/shibin1995/Documents/final_ws/devel/include/dynamixel_controllers/SetComplianceSlopeRequest.h
Symlinking /home/shibin1995/Documents/final_ws/devel/include/dynamixel_controllers/StartControllerRequest.h
Symlinking /home/shibin1995/Documents/final_ws/devel/include/dynamixel_controllers/SetComplianceSlopeResponse.h
Symlinking /home/shibin1995/Documents/final_ws/devel/lib/pkgconfig/dynamixel_controllers.pc
Symlinking /home/shibin1995/Documents/final_ws/devel/lib/python2.7/dist-packages/dynamixel_controllers/__init__.py
Symlinking /home/shibin1995/Documents/final_ws/devel/lib/python2.7/dist-packages/dynamixel_controllers/srv/_SetComplianceMargin.py
Symlinking /home/shibin1995/Documents/final_ws/devel/lib/python2.7/dist-packages/dynamixel_controllers/srv/_SetCompliancePunch.py
Symlinking /home/shibin1995/Documents/final_ws/devel/lib/python2.7/dist-packages/dynamixel_controllers/srv/_SetTorqueLimit.py
Symlinking /home/shibin1995/Documents/final_ws/devel/lib/python2.7/dist-packages/dynamixel_controllers/srv/_SetSpeed.py
Symlinking /home/shibin1995/Documents/final_ws/devel/lib/python2.7/dist-packages/dynamixel_controllers/srv/_StartController.py
Symlinking /home/shibin1995/Documents/final_ws/devel/lib/python2.7/dist-packages/dynamixel_controllers/srv/_SetComplianceSlope.py
Symlinking /home/shibin1995/Documents/final_ws/devel/lib/python2.7/dist-packages/dynamixel_controllers/srv/_RestartController.py
Symlinking /home/shibin1995/Documents/final_ws/devel/lib/python2.7/dist-packages/dynamixel_controllers/srv/__init__.py
Symlinking /home/shibin1995/Documents/final_ws/devel/lib/python2.7/dist-packages/dynamixel_controllers/srv/_TorqueEnable.py
Symlinking /home/shibin1995/Documents/final_ws/devel/lib/python2.7/dist-packages/dynamixel_controllers/srv/_StopController.py
