Linked: (/home/shibin1995/Documents/final_ws/devel/.private/dynamixel_controllers/share/dynamixel_controllers/cmake/dynamixel_controllers-msg-paths.cmake, /home/shibin1995/Documents/final_ws/devel/share/dynamixel_controllers/cmake/dynamixel_controllers-msg-paths.cmake)
Linked: (/home/shibin1995/Documents/final_ws/devel/.private/dynamixel_controllers/share/dynamixel_controllers/cmake/dynamixel_controllersConfig-version.cmake, /home/shibin1995/Documents/final_ws/devel/share/dynamixel_controllers/cmake/dynamixel_controllersConfig-version.cmake)
Linked: (/home/shibin1995/Documents/final_ws/devel/.private/dynamixel_controllers/share/dynamixel_controllers/cmake/dynamixel_controllers-msg-extras.cmake, /home/shibin1995/Documents/final_ws/devel/share/dynamixel_controllers/cmake/dynamixel_controllers-msg-extras.cmake)
Linked: (/home/shibin1995/Documents/final_ws/devel/.private/dynamixel_controllers/share/dynamixel_controllers/cmake/dynamixel_controllersConfig.cmake, /home/shibin1995/Documents/final_ws/devel/share/dynamixel_controllers/cmake/dynamixel_controllersConfig.cmake)
Linked: (/home/shibin1995/Documents/final_ws/devel/.private/dynamixel_controllers/share/roseus/ros/dynamixel_controllers/manifest.l, /home/shibin1995/Documents/final_ws/devel/share/roseus/ros/dynamixel_controllers/manifest.l)
Linked: (/home/shibin1995/Documents/final_ws/devel/.private/dynamixel_controllers/share/roseus/ros/dynamixel_controllers/srv/TorqueEnable.l, /home/shibin1995/Documents/final_ws/devel/share/roseus/ros/dynamixel_controllers/srv/TorqueEnable.l)
Linked: (/home/shibin1995/Documents/final_ws/devel/.private/dynamixel_controllers/share/roseus/ros/dynamixel_controllers/srv/SetComplianceSlope.l, /home/shibin1995/Documents/final_ws/devel/share/roseus/ros/dynamixel_controllers/srv/SetComplianceSlope.l)
Linked: (/home/shibin1995/Documents/final_ws/devel/.private/dynamixel_controllers/share/roseus/ros/dynamixel_controllers/srv/StartController.l, /home/shibin1995/Documents/final_ws/devel/share/roseus/ros/dynamixel_controllers/srv/StartController.l)
Linked: (/home/shibin1995/Documents/final_ws/devel/.private/dynamixel_controllers/share/roseus/ros/dynamixel_controllers/srv/StopController.l, /home/shibin1995/Documents/final_ws/devel/share/roseus/ros/dynamixel_controllers/srv/StopController.l)
Linked: (/home/shibin1995/Documents/final_ws/devel/.private/dynamixel_controllers/share/roseus/ros/dynamixel_controllers/srv/SetCompliancePunch.l, /home/shibin1995/Documents/final_ws/devel/share/roseus/ros/dynamixel_controllers/srv/SetCompliancePunch.l)
Linked: (/home/shibin1995/Documents/final_ws/devel/.private/dynamixel_controllers/share/roseus/ros/dynamixel_controllers/srv/SetTorqueLimit.l, /home/shibin1995/Documents/final_ws/devel/share/roseus/ros/dynamixel_controllers/srv/SetTorqueLimit.l)
Linked: (/home/shibin1995/Documents/final_ws/devel/.private/dynamixel_controllers/share/roseus/ros/dynamixel_controllers/srv/SetSpeed.l, /home/shibin1995/Documents/final_ws/devel/share/roseus/ros/dynamixel_controllers/srv/SetSpeed.l)
Linked: (/home/shibin1995/Documents/final_ws/devel/.private/dynamixel_controllers/share/roseus/ros/dynamixel_controllers/srv/SetComplianceMargin.l, /home/shibin1995/Documents/final_ws/devel/share/roseus/ros/dynamixel_controllers/srv/SetComplianceMargin.l)
Linked: (/home/shibin1995/Documents/final_ws/devel/.private/dynamixel_controllers/share/roseus/ros/dynamixel_controllers/srv/RestartController.l, /home/shibin1995/Documents/final_ws/devel/share/roseus/ros/dynamixel_controllers/srv/RestartController.l)
Linked: (/home/shibin1995/Documents/final_ws/devel/.private/dynamixel_controllers/share/common-lisp/ros/dynamixel_controllers/srv/_package_SetComplianceMargin.lisp, /home/shibin1995/Documents/final_ws/devel/share/common-lisp/ros/dynamixel_controllers/srv/_package_SetComplianceMargin.lisp)
Linked: (/home/shibin1995/Documents/final_ws/devel/.private/dynamixel_controllers/share/common-lisp/ros/dynamixel_controllers/srv/_package_TorqueEnable.lisp, /home/shibin1995/Documents/final_ws/devel/share/common-lisp/ros/dynamixel_controllers/srv/_package_TorqueEnable.lisp)
Linked: (/home/shibin1995/Documents/final_ws/devel/.private/dynamixel_controllers/share/common-lisp/ros/dynamixel_controllers/srv/SetSpeed.lisp, /home/shibin1995/Documents/final_ws/devel/share/common-lisp/ros/dynamixel_controllers/srv/SetSpeed.lisp)
Linked: (/home/shibin1995/Documents/final_ws/devel/.private/dynamixel_controllers/share/common-lisp/ros/dynamixel_controllers/srv/SetCompliancePunch.lisp, /home/shibin1995/Documents/final_ws/devel/share/common-lisp/ros/dynamixel_controllers/srv/SetCompliancePunch.lisp)
Linked: (/home/shibin1995/Documents/final_ws/devel/.private/dynamixel_controllers/share/common-lisp/ros/dynamixel_controllers/srv/StartController.lisp, /home/shibin1995/Documents/final_ws/devel/share/common-lisp/ros/dynamixel_controllers/srv/StartController.lisp)
Linked: (/home/shibin1995/Documents/final_ws/devel/.private/dynamixel_controllers/share/common-lisp/ros/dynamixel_controllers/srv/TorqueEnable.lisp, /home/shibin1995/Documents/final_ws/devel/share/common-lisp/ros/dynamixel_controllers/srv/TorqueEnable.lisp)
Linked: (/home/shibin1995/Documents/final_ws/devel/.private/dynamixel_controllers/share/common-lisp/ros/dynamixel_controllers/srv/_package_SetCompliancePunch.lisp, /home/shibin1995/Documents/final_ws/devel/share/common-lisp/ros/dynamixel_controllers/srv/_package_SetCompliancePunch.lisp)
Linked: (/home/shibin1995/Documents/final_ws/devel/.private/dynamixel_controllers/share/common-lisp/ros/dynamixel_controllers/srv/_package_RestartController.lisp, /home/shibin1995/Documents/final_ws/devel/share/common-lisp/ros/dynamixel_controllers/srv/_package_RestartController.lisp)
Linked: (/home/shibin1995/Documents/final_ws/devel/.private/dynamixel_controllers/share/common-lisp/ros/dynamixel_controllers/srv/SetTorqueLimit.lisp, /home/shibin1995/Documents/final_ws/devel/share/common-lisp/ros/dynamixel_controllers/srv/SetTorqueLimit.lisp)
Linked: (/home/shibin1995/Documents/final_ws/devel/.private/dynamixel_controllers/share/common-lisp/ros/dynamixel_controllers/srv/_package_SetSpeed.lisp, /home/shibin1995/Documents/final_ws/devel/share/common-lisp/ros/dynamixel_controllers/srv/_package_SetSpeed.lisp)
Linked: (/home/shibin1995/Documents/final_ws/devel/.private/dynamixel_controllers/share/common-lisp/ros/dynamixel_controllers/srv/_package_SetComplianceSlope.lisp, /home/shibin1995/Documents/final_ws/devel/share/common-lisp/ros/dynamixel_controllers/srv/_package_SetComplianceSlope.lisp)
Linked: (/home/shibin1995/Documents/final_ws/devel/.private/dynamixel_controllers/share/common-lisp/ros/dynamixel_controllers/srv/dynamixel_controllers-srv.asd, /home/shibin1995/Documents/final_ws/devel/share/common-lisp/ros/dynamixel_controllers/srv/dynamixel_controllers-srv.asd)
Linked: (/home/shibin1995/Documents/final_ws/devel/.private/dynamixel_controllers/share/common-lisp/ros/dynamixel_controllers/srv/_package_StartController.lisp, /home/shibin1995/Documents/final_ws/devel/share/common-lisp/ros/dynamixel_controllers/srv/_package_StartController.lisp)
Linked: (/home/shibin1995/Documents/final_ws/devel/.private/dynamixel_controllers/share/common-lisp/ros/dynamixel_controllers/srv/_package_StopController.lisp, /home/shibin1995/Documents/final_ws/devel/share/common-lisp/ros/dynamixel_controllers/srv/_package_StopController.lisp)
Linked: (/home/shibin1995/Documents/final_ws/devel/.private/dynamixel_controllers/share/common-lisp/ros/dynamixel_controllers/srv/RestartController.lisp, /home/shibin1995/Documents/final_ws/devel/share/common-lisp/ros/dynamixel_controllers/srv/RestartController.lisp)
Linked: (/home/shibin1995/Documents/final_ws/devel/.private/dynamixel_controllers/share/common-lisp/ros/dynamixel_controllers/srv/SetComplianceSlope.lisp, /home/shibin1995/Documents/final_ws/devel/share/common-lisp/ros/dynamixel_controllers/srv/SetComplianceSlope.lisp)
Linked: (/home/shibin1995/Documents/final_ws/devel/.private/dynamixel_controllers/share/common-lisp/ros/dynamixel_controllers/srv/_package.lisp, /home/shibin1995/Documents/final_ws/devel/share/common-lisp/ros/dynamixel_controllers/srv/_package.lisp)
Linked: (/home/shibin1995/Documents/final_ws/devel/.private/dynamixel_controllers/share/common-lisp/ros/dynamixel_controllers/srv/_package_SetTorqueLimit.lisp, /home/shibin1995/Documents/final_ws/devel/share/common-lisp/ros/dynamixel_controllers/srv/_package_SetTorqueLimit.lisp)
Linked: (/home/shibin1995/Documents/final_ws/devel/.private/dynamixel_controllers/share/common-lisp/ros/dynamixel_controllers/srv/SetComplianceMargin.lisp, /home/shibin1995/Documents/final_ws/devel/share/common-lisp/ros/dynamixel_controllers/srv/SetComplianceMargin.lisp)
Linked: (/home/shibin1995/Documents/final_ws/devel/.private/dynamixel_controllers/share/common-lisp/ros/dynamixel_controllers/srv/StopController.lisp, /home/shibin1995/Documents/final_ws/devel/share/common-lisp/ros/dynamixel_controllers/srv/StopController.lisp)
Linked: (/home/shibin1995/Documents/final_ws/devel/.private/dynamixel_controllers/share/gennodejs/ros/dynamixel_controllers/_index.js, /home/shibin1995/Documents/final_ws/devel/share/gennodejs/ros/dynamixel_controllers/_index.js)
Linked: (/home/shibin1995/Documents/final_ws/devel/.private/dynamixel_controllers/share/gennodejs/ros/dynamixel_controllers/srv/SetSpeed.js, /home/shibin1995/Documents/final_ws/devel/share/gennodejs/ros/dynamixel_controllers/srv/SetSpeed.js)
Linked: (/home/shibin1995/Documents/final_ws/devel/.private/dynamixel_controllers/share/gennodejs/ros/dynamixel_controllers/srv/SetCompliancePunch.js, /home/shibin1995/Documents/final_ws/devel/share/gennodejs/ros/dynamixel_controllers/srv/SetCompliancePunch.js)
Linked: (/home/shibin1995/Documents/final_ws/devel/.private/dynamixel_controllers/share/gennodejs/ros/dynamixel_controllers/srv/TorqueEnable.js, /home/shibin1995/Documents/final_ws/devel/share/gennodejs/ros/dynamixel_controllers/srv/TorqueEnable.js)
Linked: (/home/shibin1995/Documents/final_ws/devel/.private/dynamixel_controllers/share/gennodejs/ros/dynamixel_controllers/srv/RestartController.js, /home/shibin1995/Documents/final_ws/devel/share/gennodejs/ros/dynamixel_controllers/srv/RestartController.js)
Linked: (/home/shibin1995/Documents/final_ws/devel/.private/dynamixel_controllers/share/gennodejs/ros/dynamixel_controllers/srv/SetComplianceMargin.js, /home/shibin1995/Documents/final_ws/devel/share/gennodejs/ros/dynamixel_controllers/srv/SetComplianceMargin.js)
Linked: (/home/shibin1995/Documents/final_ws/devel/.private/dynamixel_controllers/share/gennodejs/ros/dynamixel_controllers/srv/StartController.js, /home/shibin1995/Documents/final_ws/devel/share/gennodejs/ros/dynamixel_controllers/srv/StartController.js)
Linked: (/home/shibin1995/Documents/final_ws/devel/.private/dynamixel_controllers/share/gennodejs/ros/dynamixel_controllers/srv/SetTorqueLimit.js, /home/shibin1995/Documents/final_ws/devel/share/gennodejs/ros/dynamixel_controllers/srv/SetTorqueLimit.js)
Linked: (/home/shibin1995/Documents/final_ws/devel/.private/dynamixel_controllers/share/gennodejs/ros/dynamixel_controllers/srv/_index.js, /home/shibin1995/Documents/final_ws/devel/share/gennodejs/ros/dynamixel_controllers/srv/_index.js)
Linked: (/home/shibin1995/Documents/final_ws/devel/.private/dynamixel_controllers/share/gennodejs/ros/dynamixel_controllers/srv/SetComplianceSlope.js, /home/shibin1995/Documents/final_ws/devel/share/gennodejs/ros/dynamixel_controllers/srv/SetComplianceSlope.js)
Linked: (/home/shibin1995/Documents/final_ws/devel/.private/dynamixel_controllers/share/gennodejs/ros/dynamixel_controllers/srv/StopController.js, /home/shibin1995/Documents/final_ws/devel/share/gennodejs/ros/dynamixel_controllers/srv/StopController.js)
Linked: (/home/shibin1995/Documents/final_ws/devel/.private/dynamixel_controllers/include/dynamixel_controllers/SetCompliancePunchRequest.h, /home/shibin1995/Documents/final_ws/devel/include/dynamixel_controllers/SetCompliancePunchRequest.h)
Linked: (/home/shibin1995/Documents/final_ws/devel/.private/dynamixel_controllers/include/dynamixel_controllers/TorqueEnableResponse.h, /home/shibin1995/Documents/final_ws/devel/include/dynamixel_controllers/TorqueEnableResponse.h)
Linked: (/home/shibin1995/Documents/final_ws/devel/.private/dynamixel_controllers/include/dynamixel_controllers/SetComplianceMarginRequest.h, /home/shibin1995/Documents/final_ws/devel/include/dynamixel_controllers/SetComplianceMarginRequest.h)
Linked: (/home/shibin1995/Documents/final_ws/devel/.private/dynamixel_controllers/include/dynamixel_controllers/StopControllerResponse.h, /home/shibin1995/Documents/final_ws/devel/include/dynamixel_controllers/StopControllerResponse.h)
Linked: (/home/shibin1995/Documents/final_ws/devel/.private/dynamixel_controllers/include/dynamixel_controllers/SetComplianceMarginResponse.h, /home/shibin1995/Documents/final_ws/devel/include/dynamixel_controllers/SetComplianceMarginResponse.h)
Linked: (/home/shibin1995/Documents/final_ws/devel/.private/dynamixel_controllers/include/dynamixel_controllers/StartController.h, /home/shibin1995/Documents/final_ws/devel/include/dynamixel_controllers/StartController.h)
Linked: (/home/shibin1995/Documents/final_ws/devel/.private/dynamixel_controllers/include/dynamixel_controllers/RestartControllerRequest.h, /home/shibin1995/Documents/final_ws/devel/include/dynamixel_controllers/RestartControllerRequest.h)
Linked: (/home/shibin1995/Documents/final_ws/devel/.private/dynamixel_controllers/include/dynamixel_controllers/RestartControllerResponse.h, /home/shibin1995/Documents/final_ws/devel/include/dynamixel_controllers/RestartControllerResponse.h)
Linked: (/home/shibin1995/Documents/final_ws/devel/.private/dynamixel_controllers/include/dynamixel_controllers/RestartController.h, /home/shibin1995/Documents/final_ws/devel/include/dynamixel_controllers/RestartController.h)
Linked: (/home/shibin1995/Documents/final_ws/devel/.private/dynamixel_controllers/include/dynamixel_controllers/SetTorqueLimit.h, /home/shibin1995/Documents/final_ws/devel/include/dynamixel_controllers/SetTorqueLimit.h)
Linked: (/home/shibin1995/Documents/final_ws/devel/.private/dynamixel_controllers/include/dynamixel_controllers/SetSpeedRequest.h, /home/shibin1995/Documents/final_ws/devel/include/dynamixel_controllers/SetSpeedRequest.h)
Linked: (/home/shibin1995/Documents/final_ws/devel/.private/dynamixel_controllers/include/dynamixel_controllers/SetCompliancePunchResponse.h, /home/shibin1995/Documents/final_ws/devel/include/dynamixel_controllers/SetCompliancePunchResponse.h)
Linked: (/home/shibin1995/Documents/final_ws/devel/.private/dynamixel_controllers/include/dynamixel_controllers/SetTorqueLimitRequest.h, /home/shibin1995/Documents/final_ws/devel/include/dynamixel_controllers/SetTorqueLimitRequest.h)
Linked: (/home/shibin1995/Documents/final_ws/devel/.private/dynamixel_controllers/include/dynamixel_controllers/SetSpeedResponse.h, /home/shibin1995/Documents/final_ws/devel/include/dynamixel_controllers/SetSpeedResponse.h)
Linked: (/home/shibin1995/Documents/final_ws/devel/.private/dynamixel_controllers/include/dynamixel_controllers/StopController.h, /home/shibin1995/Documents/final_ws/devel/include/dynamixel_controllers/StopController.h)
Linked: (/home/shibin1995/Documents/final_ws/devel/.private/dynamixel_controllers/include/dynamixel_controllers/SetTorqueLimitResponse.h, /home/shibin1995/Documents/final_ws/devel/include/dynamixel_controllers/SetTorqueLimitResponse.h)
Linked: (/home/shibin1995/Documents/final_ws/devel/.private/dynamixel_controllers/include/dynamixel_controllers/SetCompliancePunch.h, /home/shibin1995/Documents/final_ws/devel/include/dynamixel_controllers/SetCompliancePunch.h)
Linked: (/home/shibin1995/Documents/final_ws/devel/.private/dynamixel_controllers/include/dynamixel_controllers/TorqueEnableRequest.h, /home/shibin1995/Documents/final_ws/devel/include/dynamixel_controllers/TorqueEnableRequest.h)
Linked: (/home/shibin1995/Documents/final_ws/devel/.private/dynamixel_controllers/include/dynamixel_controllers/SetSpeed.h, /home/shibin1995/Documents/final_ws/devel/include/dynamixel_controllers/SetSpeed.h)
Linked: (/home/shibin1995/Documents/final_ws/devel/.private/dynamixel_controllers/include/dynamixel_controllers/SetComplianceMargin.h, /home/shibin1995/Documents/final_ws/devel/include/dynamixel_controllers/SetComplianceMargin.h)
Linked: (/home/shibin1995/Documents/final_ws/devel/.private/dynamixel_controllers/include/dynamixel_controllers/StopControllerRequest.h, /home/shibin1995/Documents/final_ws/devel/include/dynamixel_controllers/StopControllerRequest.h)
Linked: (/home/shibin1995/Documents/final_ws/devel/.private/dynamixel_controllers/include/dynamixel_controllers/TorqueEnable.h, /home/shibin1995/Documents/final_ws/devel/include/dynamixel_controllers/TorqueEnable.h)
Linked: (/home/shibin1995/Documents/final_ws/devel/.private/dynamixel_controllers/include/dynamixel_controllers/StartControllerResponse.h, /home/shibin1995/Documents/final_ws/devel/include/dynamixel_controllers/StartControllerResponse.h)
Linked: (/home/shibin1995/Documents/final_ws/devel/.private/dynamixel_controllers/include/dynamixel_controllers/SetComplianceSlope.h, /home/shibin1995/Documents/final_ws/devel/include/dynamixel_controllers/SetComplianceSlope.h)
Linked: (/home/shibin1995/Documents/final_ws/devel/.private/dynamixel_controllers/include/dynamixel_controllers/SetComplianceSlopeRequest.h, /home/shibin1995/Documents/final_ws/devel/include/dynamixel_controllers/SetComplianceSlopeRequest.h)
Linked: (/home/shibin1995/Documents/final_ws/devel/.private/dynamixel_controllers/include/dynamixel_controllers/StartControllerRequest.h, /home/shibin1995/Documents/final_ws/devel/include/dynamixel_controllers/StartControllerRequest.h)
Linked: (/home/shibin1995/Documents/final_ws/devel/.private/dynamixel_controllers/include/dynamixel_controllers/SetComplianceSlopeResponse.h, /home/shibin1995/Documents/final_ws/devel/include/dynamixel_controllers/SetComplianceSlopeResponse.h)
Linked: (/home/shibin1995/Documents/final_ws/devel/.private/dynamixel_controllers/lib/pkgconfig/dynamixel_controllers.pc, /home/shibin1995/Documents/final_ws/devel/lib/pkgconfig/dynamixel_controllers.pc)
Linked: (/home/shibin1995/Documents/final_ws/devel/.private/dynamixel_controllers/lib/python2.7/dist-packages/dynamixel_controllers/__init__.py, /home/shibin1995/Documents/final_ws/devel/lib/python2.7/dist-packages/dynamixel_controllers/__init__.py)
Linked: (/home/shibin1995/Documents/final_ws/devel/.private/dynamixel_controllers/lib/python2.7/dist-packages/dynamixel_controllers/srv/_SetComplianceMargin.py, /home/shibin1995/Documents/final_ws/devel/lib/python2.7/dist-packages/dynamixel_controllers/srv/_SetComplianceMargin.py)
Linked: (/home/shibin1995/Documents/final_ws/devel/.private/dynamixel_controllers/lib/python2.7/dist-packages/dynamixel_controllers/srv/_SetCompliancePunch.py, /home/shibin1995/Documents/final_ws/devel/lib/python2.7/dist-packages/dynamixel_controllers/srv/_SetCompliancePunch.py)
Linked: (/home/shibin1995/Documents/final_ws/devel/.private/dynamixel_controllers/lib/python2.7/dist-packages/dynamixel_controllers/srv/_SetTorqueLimit.py, /home/shibin1995/Documents/final_ws/devel/lib/python2.7/dist-packages/dynamixel_controllers/srv/_SetTorqueLimit.py)
Linked: (/home/shibin1995/Documents/final_ws/devel/.private/dynamixel_controllers/lib/python2.7/dist-packages/dynamixel_controllers/srv/_SetSpeed.py, /home/shibin1995/Documents/final_ws/devel/lib/python2.7/dist-packages/dynamixel_controllers/srv/_SetSpeed.py)
Linked: (/home/shibin1995/Documents/final_ws/devel/.private/dynamixel_controllers/lib/python2.7/dist-packages/dynamixel_controllers/srv/_StartController.py, /home/shibin1995/Documents/final_ws/devel/lib/python2.7/dist-packages/dynamixel_controllers/srv/_StartController.py)
Linked: (/home/shibin1995/Documents/final_ws/devel/.private/dynamixel_controllers/lib/python2.7/dist-packages/dynamixel_controllers/srv/_SetComplianceSlope.py, /home/shibin1995/Documents/final_ws/devel/lib/python2.7/dist-packages/dynamixel_controllers/srv/_SetComplianceSlope.py)
Linked: (/home/shibin1995/Documents/final_ws/devel/.private/dynamixel_controllers/lib/python2.7/dist-packages/dynamixel_controllers/srv/_RestartController.py, /home/shibin1995/Documents/final_ws/devel/lib/python2.7/dist-packages/dynamixel_controllers/srv/_RestartController.py)
Linked: (/home/shibin1995/Documents/final_ws/devel/.private/dynamixel_controllers/lib/python2.7/dist-packages/dynamixel_controllers/srv/__init__.py, /home/shibin1995/Documents/final_ws/devel/lib/python2.7/dist-packages/dynamixel_controllers/srv/__init__.py)
Linked: (/home/shibin1995/Documents/final_ws/devel/.private/dynamixel_controllers/lib/python2.7/dist-packages/dynamixel_controllers/srv/_TorqueEnable.py, /home/shibin1995/Documents/final_ws/devel/lib/python2.7/dist-packages/dynamixel_controllers/srv/_TorqueEnable.py)
Linked: (/home/shibin1995/Documents/final_ws/devel/.private/dynamixel_controllers/lib/python2.7/dist-packages/dynamixel_controllers/srv/_StopController.py, /home/shibin1995/Documents/final_ws/devel/lib/python2.7/dist-packages/dynamixel_controllers/srv/_StopController.py)
